{"C:\\Users\\KIIT\\OneDrive\\Desktop\\namaste  js\\config.js": {"path":"C:\\Users\\KIIT\\OneDrive\\Desktop\\namaste  js\\config.js","statementMap":{"0":{"start":{"line":2,"column":30},"end":{"line":1818,"column":1}},"1":{"start":{"line":1821,"column":2},"end":{"line":1821,"column":85}},"2":{"start":{"line":1822,"column":38},"end":{"line":1822,"column":161}},"3":{"start":{"line":1824,"column":36},"end":{"line":1824,"column":145}}},"fnMap":{},"branchMap":{},"s":{"0":3,"1":3,"2":3,"3":3},"f":{},"b":{},"_coverageSchema":"1a1c01bbd47fc00a2c39e90264f33305004495a9","hash":"5a2d44364ab073799d115a0082f5bde12ba5b057"}
,"C:\\Users\\KIIT\\OneDrive\\Desktop\\namaste  js\\src\\components\\Body.js": {"path":"C:\\Users\\KIIT\\OneDrive\\Desktop\\namaste  js\\src\\components\\Body.js","statementMap":{"0":{"start":{"line":12,"column":20},"end":{"line":111,"column":1}},"1":{"start":{"line":13,"column":38},"end":{"line":13,"column":50}},"2":{"start":{"line":14,"column":46},"end":{"line":14,"column":58}},"3":{"start":{"line":15,"column":56},"end":{"line":15,"column":68}},"4":{"start":{"line":16,"column":28},"end":{"line":16,"column":51}},"5":{"start":{"line":17,"column":2},"end":{"line":17,"column":20}},"6":{"start":{"line":19,"column":2},"end":{"line":21,"column":9}},"7":{"start":{"line":20,"column":4},"end":{"line":20,"column":21}},"8":{"start":{"line":26,"column":17},"end":{"line":26,"column":52}},"9":{"start":{"line":27,"column":17},"end":{"line":27,"column":34}},"10":{"start":{"line":31,"column":4},"end":{"line":33,"column":6}},"11":{"start":{"line":35,"column":4},"end":{"line":37,"column":6}},"12":{"start":{"line":39,"column":2},"end":{"line":39,"column":32}},"13":{"start":{"line":40,"column":19},"end":{"line":40,"column":30}},"14":{"start":{"line":41,"column":20},"end":{"line":41,"column":32}},"15":{"start":{"line":43,"column":2},"end":{"line":45,"column":3}},"16":{"start":{"line":44,"column":4},"end":{"line":44,"column":27}},"17":{"start":{"line":47,"column":2},"end":{"line":110,"column":4}},"18":{"start":{"line":59,"column":12},"end":{"line":59,"column":42}},"19":{"start":{"line":66,"column":25},"end":{"line":66,"column":63}},"20":{"start":{"line":67,"column":12},"end":{"line":67,"column":41}},"21":{"start":{"line":75,"column":12},"end":{"line":78,"column":14}},"22":{"start":{"line":85,"column":12},"end":{"line":88,"column":14}},"23":{"start":{"line":98,"column":12},"end":{"line":105,"column":14}}},"fnMap":{"0":{"name":"(anonymous_0)","decl":{"start":{"line":12,"column":20},"end":{"line":12,"column":21}},"loc":{"start":{"line":12,"column":26},"end":{"line":111,"column":1}},"line":12},"1":{"name":"(anonymous_1)","decl":{"start":{"line":19,"column":12},"end":{"line":19,"column":13}},"loc":{"start":{"line":19,"column":18},"end":{"line":21,"column":3}},"line":19},"2":{"name":"getRestaurants","decl":{"start":{"line":25,"column":17},"end":{"line":25,"column":31}},"loc":{"start":{"line":25,"column":34},"end":{"line":38,"column":3}},"line":25},"3":{"name":"(anonymous_3)","decl":{"start":{"line":58,"column":20},"end":{"line":58,"column":21}},"loc":{"start":{"line":58,"column":27},"end":{"line":60,"column":11}},"line":58},"4":{"name":"(anonymous_4)","decl":{"start":{"line":65,"column":19},"end":{"line":65,"column":20}},"loc":{"start":{"line":65,"column":25},"end":{"line":68,"column":11}},"line":65},"5":{"name":"(anonymous_5)","decl":{"start":{"line":74,"column":20},"end":{"line":74,"column":21}},"loc":{"start":{"line":75,"column":12},"end":{"line":78,"column":14}},"line":75},"6":{"name":"(anonymous_6)","decl":{"start":{"line":84,"column":20},"end":{"line":84,"column":21}},"loc":{"start":{"line":85,"column":12},"end":{"line":88,"column":14}},"line":85},"7":{"name":"(anonymous_7)","decl":{"start":{"line":97,"column":34},"end":{"line":97,"column":35}},"loc":{"start":{"line":97,"column":50},"end":{"line":106,"column":11}},"line":97}},"branchMap":{"0":{"loc":{"start":{"line":43,"column":2},"end":{"line":45,"column":3}},"type":"if","locations":[{"start":{"line":43,"column":2},"end":{"line":45,"column":3}},{"start":{},"end":{}}],"line":43},"1":{"loc":{"start":{"line":47,"column":9},"end":{"line":110,"column":3}},"type":"cond-expr","locations":[{"start":{"line":48,"column":4},"end":{"line":48,"column":15}},{"start":{"line":50,"column":4},"end":{"line":109,"column":7}}],"line":47},"2":{"loc":{"start":{"line":94,"column":9},"end":{"line":107,"column":9}},"type":"cond-expr","locations":[{"start":{"line":95,"column":10},"end":{"line":95,"column":53}},{"start":{"line":97,"column":10},"end":{"line":106,"column":12}}],"line":94}},"s":{"0":1,"1":9,"2":8,"3":8,"4":8,"5":8,"6":8,"7":4,"8":4,"9":4,"10":4,"11":4,"12":8,"13":8,"14":8,"15":8,"16":0,"17":8,"18":1,"19":1,"20":1,"21":0,"22":0,"23":24},"f":{"0":9,"1":4,"2":4,"3":1,"4":1,"5":0,"6":0,"7":24},"b":{"0":[0,8],"1":[4,4],"2":[1,3]},"_coverageSchema":"1a1c01bbd47fc00a2c39e90264f33305004495a9","hash":"dc5606768321616ca885d7932bba8e95ea8e25de"}
,"C:\\Users\\KIIT\\OneDrive\\Desktop\\namaste  js\\src\\components\\Config.js": {"path":"C:\\Users\\KIIT\\OneDrive\\Desktop\\namaste  js\\src\\components\\Config.js","statementMap":{"0":{"start":{"line":1,"column":39},"end":{"line":1,"column":177}},"1":{"start":{"line":4,"column":2},"end":{"line":4,"column":85}},"2":{"start":{"line":7,"column":2},"end":{"line":7,"column":125}}},"fnMap":{},"branchMap":{},"s":{"0":2,"1":2,"2":2},"f":{},"b":{},"_coverageSchema":"1a1c01bbd47fc00a2c39e90264f33305004495a9","hash":"afc7f6cfc19fe550cf83cde330cdeee565e3efdc"}
,"C:\\Users\\KIIT\\OneDrive\\Desktop\\namaste  js\\src\\components\\Footer.js": {"path":"C:\\Users\\KIIT\\OneDrive\\Desktop\\namaste  js\\src\\components\\Footer.js","statementMap":{"0":{"start":{"line":4,"column":22},"end":{"line":34,"column":1}},"1":{"start":{"line":5,"column":15},"end":{"line":5,"column":39}},"2":{"start":{"line":6,"column":19},"end":{"line":6,"column":42}},"3":{"start":{"line":8,"column":2},"end":{"line":33,"column":4}}},"fnMap":{"0":{"name":"(anonymous_0)","decl":{"start":{"line":4,"column":22},"end":{"line":4,"column":23}},"loc":{"start":{"line":4,"column":28},"end":{"line":34,"column":1}},"line":4}},"branchMap":{},"s":{"0":1,"1":1,"2":1,"3":1},"f":{"0":1},"b":{},"_coverageSchema":"1a1c01bbd47fc00a2c39e90264f33305004495a9","hash":"3dce0ca32aea1cefb703b5c12cd33ddab5742608"}
,"C:\\Users\\KIIT\\OneDrive\\Desktop\\namaste  js\\src\\components\\Header.js": {"path":"C:\\Users\\KIIT\\OneDrive\\Desktop\\namaste  js\\src\\components\\Header.js","statementMap":{"0":{"start":{"line":9,"column":15},"end":{"line":77,"column":1}},"1":{"start":{"line":10,"column":38},"end":{"line":10,"column":53}},"2":{"start":{"line":11,"column":19},"end":{"line":11,"column":30}},"3":{"start":{"line":12,"column":19},"end":{"line":12,"column":42}},"4":{"start":{"line":14,"column":20},"end":{"line":16,"column":4}},"5":{"start":{"line":15,"column":4},"end":{"line":15,"column":28}},"6":{"start":{"line":18,"column":2},"end":{"line":76,"column":4}},"7":{"start":{"line":51,"column":39},"end":{"line":51,"column":59}},"8":{"start":{"line":61,"column":39},"end":{"line":61,"column":58}}},"fnMap":{"0":{"name":"(anonymous_0)","decl":{"start":{"line":9,"column":15},"end":{"line":9,"column":16}},"loc":{"start":{"line":9,"column":21},"end":{"line":77,"column":1}},"line":9},"1":{"name":"(anonymous_1)","decl":{"start":{"line":14,"column":32},"end":{"line":14,"column":33}},"loc":{"start":{"line":14,"column":43},"end":{"line":16,"column":3}},"line":14},"2":{"name":"(anonymous_2)","decl":{"start":{"line":51,"column":33},"end":{"line":51,"column":34}},"loc":{"start":{"line":51,"column":39},"end":{"line":51,"column":59}},"line":51},"3":{"name":"(anonymous_3)","decl":{"start":{"line":61,"column":33},"end":{"line":61,"column":34}},"loc":{"start":{"line":61,"column":39},"end":{"line":61,"column":58}},"line":61}},"branchMap":{"0":{"loc":{"start":{"line":50,"column":15},"end":{"line":70,"column":15}},"type":"cond-expr","locations":[{"start":{"line":51,"column":16},"end":{"line":59,"column":25}},{"start":{"line":61,"column":16},"end":{"line":69,"column":25}}],"line":50},"1":{"loc":{"start":{"line":54,"column":31},"end":{"line":54,"column":75}},"type":"cond-expr","locations":[{"start":{"line":54,"column":42},"end":{"line":54,"column":58}},{"start":{"line":54,"column":61},"end":{"line":54,"column":75}}],"line":54},"2":{"loc":{"start":{"line":64,"column":31},"end":{"line":64,"column":75}},"type":"cond-expr","locations":[{"start":{"line":64,"column":42},"end":{"line":64,"column":58}},{"start":{"line":64,"column":61},"end":{"line":64,"column":75}}],"line":64}},"s":{"0":2,"1":6,"2":6,"3":6,"4":6,"5":12,"6":6,"7":0,"8":0},"f":{"0":6,"1":12,"2":0,"3":0},"b":{"0":[0,6],"1":[0,0],"2":[6,0]},"_coverageSchema":"1a1c01bbd47fc00a2c39e90264f33305004495a9","hash":"3105bc1a52c6c3418781b2636388807e6add7107"}
,"C:\\Users\\KIIT\\OneDrive\\Desktop\\namaste  js\\src\\components\\RestaurantCard.js": {"path":"C:\\Users\\KIIT\\OneDrive\\Desktop\\namaste  js\\src\\components\\RestaurantCard.js","statementMap":{"0":{"start":{"line":5,"column":29},"end":{"line":33,"column":1}},"1":{"start":{"line":14,"column":17},"end":{"line":14,"column":40}},"2":{"start":{"line":15,"column":2},"end":{"line":32,"column":4}}},"fnMap":{"0":{"name":"(anonymous_0)","decl":{"start":{"line":5,"column":29},"end":{"line":5,"column":30}},"loc":{"start":{"line":13,"column":6},"end":{"line":33,"column":1}},"line":13}},"branchMap":{},"s":{"0":1,"1":24,"2":24},"f":{"0":24},"b":{},"_coverageSchema":"1a1c01bbd47fc00a2c39e90264f33305004495a9","hash":"e563e36c6694e906d6ea1afffefcaf38c50e8fdb"}
,"C:\\Users\\KIIT\\OneDrive\\Desktop\\namaste  js\\src\\components\\RestaurantMenu.js": {"path":"C:\\Users\\KIIT\\OneDrive\\Desktop\\namaste  js\\src\\components\\RestaurantMenu.js","statementMap":{"0":{"start":{"line":8,"column":23},"end":{"line":54,"column":1}},"1":{"start":{"line":9,"column":20},"end":{"line":9,"column":31}},"2":{"start":{"line":10,"column":34},"end":{"line":10,"column":58}},"3":{"start":{"line":11,"column":19},"end":{"line":11,"column":32}},"4":{"start":{"line":13,"column":22},"end":{"line":15,"column":3}},"5":{"start":{"line":14,"column":4},"end":{"line":14,"column":28}},"6":{"start":{"line":17,"column":2},"end":{"line":53,"column":4}},"7":{"start":{"line":38,"column":12},"end":{"line":48,"column":17}},"8":{"start":{"line":44,"column":31},"end":{"line":44,"column":48}}},"fnMap":{"0":{"name":"(anonymous_0)","decl":{"start":{"line":8,"column":23},"end":{"line":8,"column":24}},"loc":{"start":{"line":8,"column":29},"end":{"line":54,"column":1}},"line":8},"1":{"name":"(anonymous_1)","decl":{"start":{"line":13,"column":22},"end":{"line":13,"column":23}},"loc":{"start":{"line":13,"column":32},"end":{"line":15,"column":3}},"line":13},"2":{"name":"(anonymous_2)","decl":{"start":{"line":37,"column":41},"end":{"line":37,"column":42}},"loc":{"start":{"line":38,"column":12},"end":{"line":48,"column":17}},"line":38},"3":{"name":"(anonymous_3)","decl":{"start":{"line":44,"column":25},"end":{"line":44,"column":26}},"loc":{"start":{"line":44,"column":31},"end":{"line":44,"column":48}},"line":44}},"branchMap":{"0":{"loc":{"start":{"line":17,"column":9},"end":{"line":53,"column":3}},"type":"cond-expr","locations":[{"start":{"line":18,"column":4},"end":{"line":18,"column":15}},{"start":{"line":20,"column":4},"end":{"line":52,"column":10}}],"line":17}},"s":{"0":1,"1":2,"2":2,"3":2,"4":2,"5":2,"6":2,"7":43,"8":2},"f":{"0":2,"1":2,"2":43,"3":2},"b":{"0":[1,1]},"_coverageSchema":"1a1c01bbd47fc00a2c39e90264f33305004495a9","hash":"d3744124de104c2069dcad8e50967e2b982130ed"}
,"C:\\Users\\KIIT\\OneDrive\\Desktop\\namaste  js\\src\\components\\Shimmer.js": {"path":"C:\\Users\\KIIT\\OneDrive\\Desktop\\namaste  js\\src\\components\\Shimmer.js","statementMap":{"0":{"start":{"line":1,"column":16},"end":{"line":29,"column":1}},"1":{"start":{"line":2,"column":2},"end":{"line":28,"column":4}},"2":{"start":{"line":20,"column":14},"end":{"line":23,"column":21}}},"fnMap":{"0":{"name":"(anonymous_0)","decl":{"start":{"line":1,"column":16},"end":{"line":1,"column":17}},"loc":{"start":{"line":1,"column":22},"end":{"line":29,"column":1}},"line":1},"1":{"name":"(anonymous_1)","decl":{"start":{"line":19,"column":17},"end":{"line":19,"column":18}},"loc":{"start":{"line":20,"column":14},"end":{"line":23,"column":21}},"line":20}},"branchMap":{},"s":{"0":2,"1":5,"2":60},"f":{"0":5,"1":60},"b":{},"_coverageSchema":"1a1c01bbd47fc00a2c39e90264f33305004495a9","hash":"9943861284e7a10e762c5ff771472d6307fd057d"}
,"C:\\Users\\KIIT\\OneDrive\\Desktop\\namaste  js\\src\\components\\Title.js": {"path":"C:\\Users\\KIIT\\OneDrive\\Desktop\\namaste  js\\src\\components\\Title.js","statementMap":{"0":{"start":{"line":2,"column":14},"end":{"line":11,"column":1}},"1":{"start":{"line":3,"column":4},"end":{"line":10,"column":6}}},"fnMap":{"0":{"name":"(anonymous_0)","decl":{"start":{"line":2,"column":14},"end":{"line":2,"column":15}},"loc":{"start":{"line":2,"column":20},"end":{"line":11,"column":1}},"line":2}},"branchMap":{},"s":{"0":2,"1":6},"f":{"0":6},"b":{},"_coverageSchema":"1a1c01bbd47fc00a2c39e90264f33305004495a9","hash":"7550447e46ff0bb6a01070254a2377d45eb6424c"}
,"C:\\Users\\KIIT\\OneDrive\\Desktop\\namaste  js\\src\\components\\UserOffline.js": {"path":"C:\\Users\\KIIT\\OneDrive\\Desktop\\namaste  js\\src\\components\\UserOffline.js","statementMap":{"0":{"start":{"line":1,"column":20},"end":{"line":8,"column":1}},"1":{"start":{"line":2,"column":2},"end":{"line":7,"column":4}}},"fnMap":{"0":{"name":"(anonymous_0)","decl":{"start":{"line":1,"column":20},"end":{"line":1,"column":21}},"loc":{"start":{"line":1,"column":26},"end":{"line":8,"column":1}},"line":1}},"branchMap":{},"s":{"0":1,"1":8},"f":{"0":8},"b":{},"_coverageSchema":"1a1c01bbd47fc00a2c39e90264f33305004495a9","hash":"a7df640675ba83ee13f8fdef3fa369905d03d185"}
,"C:\\Users\\KIIT\\OneDrive\\Desktop\\namaste  js\\src\\components\\sum.js": {"path":"C:\\Users\\KIIT\\OneDrive\\Desktop\\namaste  js\\src\\components\\sum.js","statementMap":{"0":{"start":{"line":1,"column":19},"end":{"line":3,"column":1}},"1":{"start":{"line":2,"column":2},"end":{"line":2,"column":15}}},"fnMap":{"0":{"name":"(anonymous_0)","decl":{"start":{"line":1,"column":19},"end":{"line":1,"column":20}},"loc":{"start":{"line":1,"column":29},"end":{"line":3,"column":1}},"line":1}},"branchMap":{},"s":{"0":1,"1":1},"f":{"0":1},"b":{},"_coverageSchema":"1a1c01bbd47fc00a2c39e90264f33305004495a9","hash":"7fad1e4f81add589ae2fad63f118f4a6fffc5969"}
,"C:\\Users\\KIIT\\OneDrive\\Desktop\\namaste  js\\src\\mocks\\Mock_data.js": {"path":"C:\\Users\\KIIT\\OneDrive\\Desktop\\namaste  js\\src\\mocks\\Mock_data.js","statementMap":{"0":{"start":{"line":2,"column":0},"end":{"line":7830,"column":1}},"1":{"start":{"line":7833,"column":0},"end":{"line":11159,"column":1}}},"fnMap":{},"branchMap":{},"s":{"0":2,"1":2},"f":{},"b":{},"_coverageSchema":"1a1c01bbd47fc00a2c39e90264f33305004495a9","hash":"63c6b29e69a10e4e7e68e60a38977bcfc2822d43"}
,"C:\\Users\\KIIT\\OneDrive\\Desktop\\namaste  js\\src\\mocks\\dummyLogo.js": {"path":"C:\\Users\\KIIT\\OneDrive\\Desktop\\namaste  js\\src\\mocks\\dummyLogo.js","statementMap":{},"fnMap":{},"branchMap":{},"s":{},"f":{},"b":{},"_coverageSchema":"1a1c01bbd47fc00a2c39e90264f33305004495a9","hash":"5b3763fbe58169b1c8bceb177c5e16cd9b2c71c7"}
,"C:\\Users\\KIIT\\OneDrive\\Desktop\\namaste  js\\src\\utils\\cartSlice.js": {"path":"C:\\Users\\KIIT\\OneDrive\\Desktop\\namaste  js\\src\\utils\\cartSlice.js","statementMap":{"0":{"start":{"line":3,"column":18},"end":{"line":19,"column":2}},"1":{"start":{"line":10,"column":6},"end":{"line":10,"column":39}},"2":{"start":{"line":13,"column":6},"end":{"line":13,"column":24}},"3":{"start":{"line":16,"column":6},"end":{"line":16,"column":23}},"4":{"start":{"line":21,"column":50},"end":{"line":21,"column":67}}},"fnMap":{"0":{"name":"(anonymous_0)","decl":{"start":{"line":9,"column":13},"end":{"line":9,"column":14}},"loc":{"start":{"line":9,"column":32},"end":{"line":11,"column":5}},"line":9},"1":{"name":"(anonymous_1)","decl":{"start":{"line":12,"column":16},"end":{"line":12,"column":17}},"loc":{"start":{"line":12,"column":35},"end":{"line":14,"column":5}},"line":12},"2":{"name":"(anonymous_2)","decl":{"start":{"line":15,"column":15},"end":{"line":15,"column":16}},"loc":{"start":{"line":15,"column":34},"end":{"line":17,"column":5}},"line":15}},"branchMap":{},"s":{"0":4,"1":2,"2":0,"3":0,"4":4},"f":{"0":2,"1":0,"2":0},"b":{},"_coverageSchema":"1a1c01bbd47fc00a2c39e90264f33305004495a9","hash":"7e1003149f03553fd32f09bcdff3b0d34f885e98"}
,"C:\\Users\\KIIT\\OneDrive\\Desktop\\namaste  js\\src\\utils\\helper.js": {"path":"C:\\Users\\KIIT\\OneDrive\\Desktop\\namaste  js\\src\\utils\\helper.js","statementMap":{"0":{"start":{"line":2,"column":27},"end":{"line":7,"column":1}},"1":{"start":{"line":3,"column":23},"end":{"line":5,"column":5}},"2":{"start":{"line":4,"column":8},"end":{"line":4,"column":68}},"3":{"start":{"line":6,"column":4},"end":{"line":6,"column":22}}},"fnMap":{"0":{"name":"(anonymous_0)","decl":{"start":{"line":2,"column":27},"end":{"line":2,"column":28}},"loc":{"start":{"line":2,"column":59},"end":{"line":7,"column":1}},"line":2},"1":{"name":"(anonymous_1)","decl":{"start":{"line":3,"column":45},"end":{"line":3,"column":46}},"loc":{"start":{"line":4,"column":8},"end":{"line":4,"column":68}},"line":4}},"branchMap":{},"s":{"0":1,"1":1,"2":8,"3":1},"f":{"0":1,"1":8},"b":{},"_coverageSchema":"1a1c01bbd47fc00a2c39e90264f33305004495a9","hash":"95bd143d5f2f41e924b509c376c3fd7821ed504f"}
,"C:\\Users\\KIIT\\OneDrive\\Desktop\\namaste  js\\src\\utils\\store.js": {"path":"C:\\Users\\KIIT\\OneDrive\\Desktop\\namaste  js\\src\\utils\\store.js","statementMap":{"0":{"start":{"line":3,"column":14},"end":{"line":7,"column":2}}},"fnMap":{},"branchMap":{},"s":{"0":4},"f":{},"b":{},"_coverageSchema":"1a1c01bbd47fc00a2c39e90264f33305004495a9","hash":"7e15a1d1cc5700218a02ba15748efd31ad46b156"}
,"C:\\Users\\KIIT\\OneDrive\\Desktop\\namaste  js\\src\\utils\\useOnline.js": {"path":"C:\\Users\\KIIT\\OneDrive\\Desktop\\namaste  js\\src\\utils\\useOnline.js","statementMap":{"0":{"start":{"line":3,"column":18},"end":{"line":19,"column":1}},"1":{"start":{"line":4,"column":34},"end":{"line":4,"column":48}},"2":{"start":{"line":6,"column":2},"end":{"line":17,"column":9}},"3":{"start":{"line":8,"column":26},"end":{"line":10,"column":5}},"4":{"start":{"line":9,"column":6},"end":{"line":9,"column":24}},"5":{"start":{"line":11,"column":27},"end":{"line":13,"column":5}},"6":{"start":{"line":12,"column":6},"end":{"line":12,"column":25}},"7":{"start":{"line":15,"column":4},"end":{"line":15,"column":53}},"8":{"start":{"line":16,"column":4},"end":{"line":16,"column":55}},"9":{"start":{"line":18,"column":2},"end":{"line":18,"column":18}}},"fnMap":{"0":{"name":"(anonymous_0)","decl":{"start":{"line":3,"column":18},"end":{"line":3,"column":19}},"loc":{"start":{"line":3,"column":24},"end":{"line":19,"column":1}},"line":3},"1":{"name":"(anonymous_1)","decl":{"start":{"line":6,"column":12},"end":{"line":6,"column":13}},"loc":{"start":{"line":6,"column":18},"end":{"line":17,"column":3}},"line":6},"2":{"name":"(anonymous_2)","decl":{"start":{"line":8,"column":26},"end":{"line":8,"column":27}},"loc":{"start":{"line":8,"column":32},"end":{"line":10,"column":5}},"line":8},"3":{"name":"(anonymous_3)","decl":{"start":{"line":11,"column":27},"end":{"line":11,"column":28}},"loc":{"start":{"line":11,"column":33},"end":{"line":13,"column":5}},"line":11}},"branchMap":{},"s":{"0":3,"1":14,"2":14,"3":8,"4":0,"5":8,"6":0,"7":8,"8":8,"9":14},"f":{"0":14,"1":8,"2":0,"3":0},"b":{},"_coverageSchema":"1a1c01bbd47fc00a2c39e90264f33305004495a9","hash":"ebe5ac604294c978c8ec9070a36514d3663e38ec"}
,"C:\\Users\\KIIT\\OneDrive\\Desktop\\namaste  js\\src\\utils\\useRestaurantMenu.js": {"path":"C:\\Users\\KIIT\\OneDrive\\Desktop\\namaste  js\\src\\utils\\useRestaurantMenu.js","statementMap":{"0":{"start":{"line":4,"column":26},"end":{"line":56,"column":1}},"1":{"start":{"line":5,"column":38},"end":{"line":5,"column":52}},"2":{"start":{"line":6,"column":36},"end":{"line":6,"column":48}},"3":{"start":{"line":7,"column":2},"end":{"line":9,"column":9}},"4":{"start":{"line":8,"column":4},"end":{"line":8,"column":24}},"5":{"start":{"line":12,"column":4},"end":{"line":52,"column":5}},"6":{"start":{"line":13,"column":19},"end":{"line":13,"column":62}},"7":{"start":{"line":14,"column":19},"end":{"line":14,"column":36}},"8":{"start":{"line":17,"column":29},"end":{"line":24,"column":21}},"9":{"start":{"line":18,"column":21},"end":{"line":18,"column":27}},"10":{"start":{"line":21,"column":12},"end":{"line":23,"column":74}},"11":{"start":{"line":26,"column":6},"end":{"line":26,"column":36}},"12":{"start":{"line":30,"column":8},"end":{"line":40,"column":41}},"13":{"start":{"line":31,"column":23},"end":{"line":31,"column":36}},"14":{"start":{"line":32,"column":66},"end":{"line":32,"column":78}},"15":{"start":{"line":35,"column":14},"end":{"line":36,"column":76}},"16":{"start":{"line":38,"column":22},"end":{"line":38,"column":33}},"17":{"start":{"line":40,"column":22},"end":{"line":40,"column":34}},"18":{"start":{"line":42,"column":30},"end":{"line":42,"column":32}},"19":{"start":{"line":43,"column":6},"end":{"line":47,"column":9}},"20":{"start":{"line":44,"column":8},"end":{"line":46,"column":9}},"21":{"start":{"line":44,"column":41},"end":{"line":44,"column":57}},"22":{"start":{"line":45,"column":10},"end":{"line":45,"column":37}},"23":{"start":{"line":49,"column":6},"end":{"line":49,"column":36}},"24":{"start":{"line":51,"column":6},"end":{"line":51,"column":63}},"25":{"start":{"line":55,"column":2},"end":{"line":55,"column":33}}},"fnMap":{"0":{"name":"(anonymous_0)","decl":{"start":{"line":4,"column":26},"end":{"line":4,"column":27}},"loc":{"start":{"line":4,"column":37},"end":{"line":56,"column":1}},"line":4},"1":{"name":"(anonymous_1)","decl":{"start":{"line":7,"column":12},"end":{"line":7,"column":13}},"loc":{"start":{"line":7,"column":18},"end":{"line":9,"column":3}},"line":7},"2":{"name":"getRestaurantInfo","decl":{"start":{"line":11,"column":17},"end":{"line":11,"column":34}},"loc":{"start":{"line":11,"column":37},"end":{"line":53,"column":3}},"line":11},"3":{"name":"(anonymous_3)","decl":{"start":{"line":18,"column":14},"end":{"line":18,"column":15}},"loc":{"start":{"line":18,"column":21},"end":{"line":18,"column":27}},"line":18},"4":{"name":"(anonymous_4)","decl":{"start":{"line":20,"column":10},"end":{"line":20,"column":11}},"loc":{"start":{"line":21,"column":12},"end":{"line":23,"column":74}},"line":21},"5":{"name":"(anonymous_5)","decl":{"start":{"line":31,"column":16},"end":{"line":31,"column":17}},"loc":{"start":{"line":31,"column":23},"end":{"line":31,"column":36}},"line":31},"6":{"name":"(anonymous_6)","decl":{"start":{"line":32,"column":59},"end":{"line":32,"column":60}},"loc":{"start":{"line":32,"column":66},"end":{"line":32,"column":78}},"line":32},"7":{"name":"(anonymous_7)","decl":{"start":{"line":34,"column":12},"end":{"line":34,"column":13}},"loc":{"start":{"line":35,"column":14},"end":{"line":36,"column":76}},"line":35},"8":{"name":"(anonymous_8)","decl":{"start":{"line":38,"column":15},"end":{"line":38,"column":16}},"loc":{"start":{"line":38,"column":22},"end":{"line":38,"column":33}},"line":38},"9":{"name":"(anonymous_9)","decl":{"start":{"line":40,"column":15},"end":{"line":40,"column":16}},"loc":{"start":{"line":40,"column":22},"end":{"line":40,"column":34}},"line":40},"10":{"name":"(anonymous_10)","decl":{"start":{"line":43,"column":28},"end":{"line":43,"column":29}},"loc":{"start":{"line":43,"column":38},"end":{"line":47,"column":7}},"line":43},"11":{"name":"(anonymous_11)","decl":{"start":{"line":44,"column":34},"end":{"line":44,"column":35}},"loc":{"start":{"line":44,"column":41},"end":{"line":44,"column":57}},"line":44}},"branchMap":{"0":{"loc":{"start":{"line":21,"column":12},"end":{"line":23,"column":74}},"type":"binary-expr","locations":[{"start":{"line":21,"column":12},"end":{"line":21,"column":13}},{"start":{"line":22,"column":12},"end":{"line":23,"column":74}}],"line":21},"1":{"loc":{"start":{"line":30,"column":8},"end":{"line":40,"column":41}},"type":"binary-expr","locations":[{"start":{"line":30,"column":8},"end":{"line":40,"column":35}},{"start":{"line":40,"column":39},"end":{"line":40,"column":41}}],"line":30},"2":{"loc":{"start":{"line":44,"column":8},"end":{"line":46,"column":9}},"type":"if","locations":[{"start":{"line":44,"column":8},"end":{"line":46,"column":9}},{"start":{},"end":{}}],"line":44}},"s":{"0":1,"1":2,"2":2,"3":2,"4":1,"5":1,"6":1,"7":1,"8":1,"9":5,"10":3,"11":1,"12":1,"13":5,"14":12,"15":12,"16":9,"17":61,"18":1,"19":1,"20":61,"21":1074,"22":43,"23":1,"24":0,"25":2},"f":{"0":2,"1":1,"2":1,"3":5,"4":3,"5":5,"6":12,"7":12,"8":9,"9":61,"10":61,"11":1074},"b":{"0":[3,3],"1":[1,0],"2":[43,18]},"_coverageSchema":"1a1c01bbd47fc00a2c39e90264f33305004495a9","hash":"89e5b56780fa717853a24f3847a1d11fedac6fbe"}
,"C:\\Users\\KIIT\\OneDrive\\Desktop\\namaste  js\\src\\utils\\userContext.js": {"path":"C:\\Users\\KIIT\\OneDrive\\Desktop\\namaste  js\\src\\utils\\userContext.js","statementMap":{"0":{"start":{"line":3,"column":20},"end":{"line":11,"column":2}}},"fnMap":{"0":{"name":"(anonymous_0)","decl":{"start":{"line":10,"column":11},"end":{"line":10,"column":12}},"loc":{"start":{"line":10,"column":17},"end":{"line":10,"column":19}},"line":10}},"branchMap":{},"s":{"0":4},"f":{"0":0},"b":{},"_coverageSchema":"1a1c01bbd47fc00a2c39e90264f33305004495a9","hash":"8dc8ebc39df6c0eac1e2be3db08af3b1f05203cf"}
}
