TN:
SF:config.js
FNF:0
FNH:0
DA:2,3
DA:1821,3
DA:1822,3
DA:1824,3
LF:4
LH:4
BRF:0
BRH:0
end_of_record
TN:
SF:src\components\Body.js
FN:12,(anonymous_0)
FN:19,(anonymous_1)
FN:25,getRestaurants
FN:58,(anonymous_3)
FN:65,(anonymous_4)
FN:74,(anonymous_5)
FN:84,(anonymous_6)
FN:97,(anonymous_7)
FNF:8
FNH:6
FNDA:9,(anonymous_0)
FNDA:4,(anonymous_1)
FNDA:4,getRestaurants
FNDA:1,(anonymous_3)
FNDA:1,(anonymous_4)
FNDA:0,(anonymous_5)
FNDA:0,(anonymous_6)
FNDA:24,(anonymous_7)
DA:12,1
DA:13,9
DA:14,8
DA:15,8
DA:16,8
DA:17,8
DA:19,8
DA:20,4
DA:26,4
DA:27,4
DA:31,4
DA:35,4
DA:39,8
DA:40,8
DA:41,8
DA:43,8
DA:44,0
DA:47,8
DA:59,1
DA:66,1
DA:67,1
DA:75,0
DA:85,0
DA:98,24
LF:24
LH:21
BRDA:43,0,0,0
BRDA:43,0,1,8
BRDA:47,1,0,4
BRDA:47,1,1,4
BRDA:94,2,0,1
BRDA:94,2,1,3
BRF:6
BRH:5
end_of_record
TN:
SF:src\components\Config.js
FNF:0
FNH:0
DA:1,2
DA:4,2
DA:7,2
LF:3
LH:3
BRF:0
BRH:0
end_of_record
TN:
SF:src\components\Footer.js
FN:4,(anonymous_0)
FNF:1
FNH:1
FNDA:1,(anonymous_0)
DA:4,1
DA:5,1
DA:6,1
DA:8,1
LF:4
LH:4
BRF:0
BRH:0
end_of_record
TN:
SF:src\components\Header.js
FN:9,(anonymous_0)
FN:14,(anonymous_1)
FN:51,(anonymous_2)
FN:61,(anonymous_3)
FNF:4
FNH:2
FNDA:6,(anonymous_0)
FNDA:12,(anonymous_1)
FNDA:0,(anonymous_2)
FNDA:0,(anonymous_3)
DA:9,2
DA:10,6
DA:11,6
DA:12,6
DA:14,6
DA:15,12
DA:18,6
DA:51,0
DA:61,0
LF:9
LH:7
BRDA:50,0,0,0
BRDA:50,0,1,6
BRDA:54,1,0,0
BRDA:54,1,1,0
BRDA:64,2,0,6
BRDA:64,2,1,0
BRF:6
BRH:2
end_of_record
TN:
SF:src\components\RestaurantCard.js
FN:5,(anonymous_0)
FNF:1
FNH:1
FNDA:24,(anonymous_0)
DA:5,1
DA:14,24
DA:15,24
LF:3
LH:3
BRF:0
BRH:0
end_of_record
TN:
SF:src\components\RestaurantMenu.js
FN:8,(anonymous_0)
FN:13,(anonymous_1)
FN:37,(anonymous_2)
FN:44,(anonymous_3)
FNF:4
FNH:4
FNDA:2,(anonymous_0)
FNDA:2,(anonymous_1)
FNDA:43,(anonymous_2)
FNDA:2,(anonymous_3)
DA:8,1
DA:9,2
DA:10,2
DA:11,2
DA:13,2
DA:14,2
DA:17,2
DA:38,43
DA:44,2
LF:9
LH:9
BRDA:17,0,0,1
BRDA:17,0,1,1
BRF:2
BRH:2
end_of_record
TN:
SF:src\components\Shimmer.js
FN:1,(anonymous_0)
FN:19,(anonymous_1)
FNF:2
FNH:2
FNDA:5,(anonymous_0)
FNDA:60,(anonymous_1)
DA:1,2
DA:2,5
DA:20,60
LF:3
LH:3
BRF:0
BRH:0
end_of_record
TN:
SF:src\components\Title.js
FN:2,(anonymous_0)
FNF:1
FNH:1
FNDA:6,(anonymous_0)
DA:2,2
DA:3,6
LF:2
LH:2
BRF:0
BRH:0
end_of_record
TN:
SF:src\components\UserOffline.js
FN:1,(anonymous_0)
FNF:1
FNH:1
FNDA:8,(anonymous_0)
DA:1,1
DA:2,8
LF:2
LH:2
BRF:0
BRH:0
end_of_record
TN:
SF:src\components\sum.js
FN:1,(anonymous_0)
FNF:1
FNH:1
FNDA:1,(anonymous_0)
DA:1,1
DA:2,1
LF:2
LH:2
BRF:0
BRH:0
end_of_record
TN:
SF:src\mocks\Mock_data.js
FNF:0
FNH:0
DA:2,2
DA:7833,2
LF:2
LH:2
BRF:0
BRH:0
end_of_record
TN:
SF:src\mocks\dummyLogo.js
FNF:0
FNH:0
LF:0
LH:0
BRF:0
BRH:0
end_of_record
TN:
SF:src\utils\cartSlice.js
FN:9,(anonymous_0)
FN:12,(anonymous_1)
FN:15,(anonymous_2)
FNF:3
FNH:1
FNDA:2,(anonymous_0)
FNDA:0,(anonymous_1)
FNDA:0,(anonymous_2)
DA:3,4
DA:10,2
DA:13,0
DA:16,0
DA:21,4
LF:5
LH:3
BRF:0
BRH:0
end_of_record
TN:
SF:src\utils\helper.js
FN:2,(anonymous_0)
FN:3,(anonymous_1)
FNF:2
FNH:2
FNDA:1,(anonymous_0)
FNDA:8,(anonymous_1)
DA:2,1
DA:3,1
DA:4,8
DA:6,1
LF:4
LH:4
BRF:0
BRH:0
end_of_record
TN:
SF:src\utils\store.js
FNF:0
FNH:0
DA:3,4
LF:1
LH:1
BRF:0
BRH:0
end_of_record
TN:
SF:src\utils\useOnline.js
FN:3,(anonymous_0)
FN:6,(anonymous_1)
FN:8,(anonymous_2)
FN:11,(anonymous_3)
FNF:4
FNH:2
FNDA:14,(anonymous_0)
FNDA:8,(anonymous_1)
FNDA:0,(anonymous_2)
FNDA:0,(anonymous_3)
DA:3,3
DA:4,14
DA:6,14
DA:8,8
DA:9,0
DA:11,8
DA:12,0
DA:15,8
DA:16,8
DA:18,14
LF:10
LH:8
BRF:0
BRH:0
end_of_record
TN:
SF:src\utils\useRestaurantMenu.js
FN:4,(anonymous_0)
FN:7,(anonymous_1)
FN:11,getRestaurantInfo
FN:18,(anonymous_3)
FN:20,(anonymous_4)
FN:31,(anonymous_5)
FN:32,(anonymous_6)
FN:34,(anonymous_7)
FN:38,(anonymous_8)
FN:40,(anonymous_9)
FN:43,(anonymous_10)
FN:44,(anonymous_11)
FNF:12
FNH:12
FNDA:2,(anonymous_0)
FNDA:1,(anonymous_1)
FNDA:1,getRestaurantInfo
FNDA:5,(anonymous_3)
FNDA:3,(anonymous_4)
FNDA:5,(anonymous_5)
FNDA:12,(anonymous_6)
FNDA:12,(anonymous_7)
FNDA:9,(anonymous_8)
FNDA:61,(anonymous_9)
FNDA:61,(anonymous_10)
FNDA:1074,(anonymous_11)
DA:4,1
DA:5,2
DA:6,2
DA:7,2
DA:8,1
DA:12,1
DA:13,1
DA:14,1
DA:17,1
DA:18,5
DA:21,3
DA:26,1
DA:30,1
DA:31,5
DA:32,12
DA:35,12
DA:38,9
DA:40,61
DA:42,1
DA:43,1
DA:44,1074
DA:45,43
DA:49,1
DA:51,0
DA:55,2
LF:25
LH:24
BRDA:21,0,0,3
BRDA:21,0,1,3
BRDA:30,1,0,1
BRDA:30,1,1,0
BRDA:44,2,0,43
BRDA:44,2,1,18
BRF:6
BRH:5
end_of_record
TN:
SF:src\utils\userContext.js
FN:10,(anonymous_0)
FNF:1
FNH:0
FNDA:0,(anonymous_0)
DA:3,4
LF:1
LH:1
BRF:0
BRH:0
end_of_record
